2025-07-04 15:23:50,806 INFO: FASTag Parking startup [in /Users/apple/Desktop/FastagServer/app/__init__.py:27]
2025-07-04 15:23:51,821 INFO: FASTag Parking startup [in /Users/apple/Desktop/FastagServer/app/__init__.py:27]
2025-07-04 15:26:20,945 INFO: FASTag Parking startup [in /Users/apple/Desktop/FastagServer/app/__init__.py:27]
2025-07-04 15:26:21,599 INFO: FASTag Parking startup [in /Users/apple/Desktop/FastagServer/app/__init__.py:27]
2025-07-04 15:28:30,485 INFO: FASTag Parking startup [in /Users/apple/Desktop/FastagServer/app/__init__.py:27]
2025-07-04 15:28:31,014 INFO: FASTag Parking startup [in /Users/apple/Desktop/FastagServer/app/__init__.py:27]
2025-07-04 15:28:52,244 WARNING: Failed login attempt for username: admin [in /Users/apple/Desktop/FastagServer/app/views.py:44]
2025-07-04 15:38:27,364 INFO: FASTag Parking startup [in /Users/apple/Desktop/FastagServer/app/__init__.py:27]
2025-07-04 15:38:27,979 INFO: FASTag Parking startup [in /Users/apple/Desktop/FastagServer/app/__init__.py:27]
2025-07-04 15:39:21,272 INFO: FASTag Parking startup [in /Users/apple/Desktop/FastagServer/app/__init__.py:27]
2025-07-04 15:39:21,793 INFO: FASTag Parking startup [in /Users/apple/Desktop/FastagServer/app/__init__.py:27]
2025-07-04 15:39:29,814 INFO: New user registered: admin [in /Users/apple/Desktop/FastagServer/app/views.py:62]
2025-07-04 15:39:33,065 INFO: User admin logged in. [in /Users/apple/Desktop/FastagServer/app/views.py:40]
2025-07-04 15:39:33,077 INFO: User admin visited home page. [in /Users/apple/Desktop/FastagServer/app/views.py:26]
2025-07-04 15:39:34,857 INFO: User 1 logged out. [in /Users/apple/Desktop/FastagServer/app/views.py:70]
2025-07-04 15:40:27,782 INFO: User None logged out. [in /Users/apple/Desktop/FastagServer/app/views.py:70]
2025-07-04 15:40:37,421 INFO: User admin logged in. [in /Users/apple/Desktop/FastagServer/app/views.py:40]
2025-07-04 15:40:37,432 INFO: User admin visited home page. [in /Users/apple/Desktop/FastagServer/app/views.py:26]
2025-07-04 15:45:16,054 INFO: FASTag Parking startup [in /Users/apple/Desktop/FastagServer/app/__init__.py:27]
2025-07-04 15:45:43,733 INFO: User 1 logged out. [in /Users/apple/Desktop/FastagServer/app/views.py:67]
2025-07-04 15:45:48,952 INFO: User admin logged in. [in /Users/apple/Desktop/FastagServer/app/views.py:37]
2025-07-04 15:50:55,973 INFO: User 1 logged out. [in /Users/apple/Desktop/FastagServer/app/views.py:67]
2025-07-04 15:51:00,683 WARNING: Failed login attempt for username: admin [in /Users/apple/Desktop/FastagServer/app/views.py:41]
2025-07-04 15:51:03,099 INFO: User admin logged in. [in /Users/apple/Desktop/FastagServer/app/views.py:37]
